<?xml version="1.0" encoding="UTF-8"?>
<testng-results skipped="0" failed="0" ignored="0" total="2" passed="2">
  <reporter-output>
  </reporter-output>
  <suite name="Default suite" duration-ms="15556" started-at="2018-06-27T06:22:54Z" finished-at="2018-06-27T06:23:10Z">
    <groups>
    </groups>
    <test name="Default test" duration-ms="15556" started-at="2018-06-27T06:22:54Z" finished-at="2018-06-27T06:23:10Z">
      <class name="BingTranslator_WithTestNG.TranslatorTestNG">
        <test-method status="PASS" signature="test01()[pri:0, instance:BingTranslator_WithTestNG.TranslatorTestNG@4d41cee]" name="test01" is-config="true" duration-ms="5664" started-at="2018-06-27T06:22:54Z" finished-at="2018-06-27T06:23:00Z">
          <reporter-output>
          </reporter-output>
        </test-method> <!-- test01 -->
        <test-method status="PASS" signature="test02()[pri:0, instance:BingTranslator_WithTestNG.TranslatorTestNG@4d41cee]" name="test02" duration-ms="9776" started-at="2018-06-27T06:23:00Z" finished-at="2018-06-27T06:23:09Z">
          <reporter-output>
          </reporter-output>
        </test-method> <!-- test02 -->
        <test-method status="PASS" signature="test03()[pri:0, instance:BingTranslator_WithTestNG.TranslatorTestNG@4d41cee]" name="test03" duration-ms="110" started-at="2018-06-27T06:23:09Z" finished-at="2018-06-27T06:23:10Z">
          <reporter-output>
          </reporter-output>
        </test-method> <!-- test03 -->
      </class> <!-- BingTranslator_WithTestNG.TranslatorTestNG -->
    </test> <!-- Default test -->
  </suite> <!-- Default suite -->
</testng-results>
